# ========== APLICACIÓN ==========
spring:
  application:
    name: GestorAPI

  # ========== DATABASE (MySQL) ==========
  datasource:
    url: jdbc:mysql://localhost:3306/gestor_bd
    username: root
    password: abc123.
    driver-class-name: com.mysql.cj.jdbc.Driver

  # ========== JPA/HIBERNATE ==========
  jpa:
    hibernate:
      ddl-auto: update  # or 'none' for production
    show-sql: true
    properties:
      hibernate:
        dialect: org.hibernate.dialect.MySQL8Dialect
        jdbc:
          time_zone: UTC

  # ========== THYMELEAF ==========
  thymeleaf:
    prefix: classpath:/templates/
    suffix: .html
    cache: false
  
  # ========== SEGURIDAD ==========
  security:
    oauth2:
      client:
        registration:
          github:
            client-id: ${GITHUB_CLIENT_ID}
            client-secret: ${GITHUB_CLIENT_SECRET}
            scope: read:user,user:email
          google:
            client-id: ${GOOGLE_CLIENT_ID}
            client-secret: ${GOOGLE_CLIENT_SECRET}
            scope: profile,email

# ========== JWT ==========
jwt:
  secret: bNikTaC8AqJ0+OGQJsxL0XA7DFxc/cjkAPDU7wCPeRQ=
  expiration:
    minutes: 10

# ========== CORS & REDIRECTS ==========
app:
  cors:
    allowed-origins: http://localhost:3000  # or 4200 for Angular
  oauth2:
    redirectUri: http://localhost:3000/oauth2/redirect
  # ========== ARCHIVOS ==========
  upload:
    path: uploads/images/

# ========== LOGGING ==========
logging:
  level:
    org.springframework.security: DEBUG
    # org.hibernate.SQL: DEBUG  # Uncomment for SQL logging